TN:
SF:src/application/TextAnalyzer.ts
FN:2,(anonymous_0)
FN:29,(anonymous_1)
FN:36,(anonymous_2)
FN:43,(anonymous_3)
FN:50,(anonymous_4)
FN:55,(anonymous_5)
FN:59,(anonymous_6)
FN:62,(anonymous_7)
FN:65,(anonymous_8)
FNF:9
FNH:9
FNDA:22,(anonymous_0)
FNDA:243,(anonymous_1)
FNDA:59,(anonymous_2)
FNDA:25,(anonymous_3)
FNDA:25,(anonymous_4)
FNDA:243,(anonymous_5)
FNDA:243,(anonymous_6)
FNDA:243,(anonymous_7)
FNDA:68,(anonymous_8)
DA:1,2
DA:9,22
DA:10,2
DA:19,20
DA:22,20
DA:25,20
DA:29,243
DA:31,20
DA:34,20
DA:36,59
DA:38,20
DA:41,20
DA:43,25
DA:45,20
DA:48,20
DA:50,20
DA:51,25
DA:55,243
DA:57,25
DA:59,243
DA:62,243
DA:65,25
DA:66,68
DA:67,63
DA:73,20
LF:25
LH:25
BRDA:9,0,0,2
BRDA:9,1,0,22
BRDA:9,1,1,21
BRDA:57,2,0,25
BRDA:66,3,0,63
BRF:5
BRH:5
end_of_record
TN:
SF:src/application/TextService.ts
FN:7,(anonymous_0)
FN:9,(anonymous_1)
FN:26,(anonymous_2)
FN:42,(anonymous_3)
FN:47,(anonymous_4)
FN:65,(anonymous_5)
FN:79,(anonymous_6)
FN:87,(anonymous_7)
FN:92,(anonymous_8)
FN:97,(anonymous_9)
FN:102,(anonymous_10)
FN:107,(anonymous_11)
FNF:12
FNH:12
FNDA:15,(anonymous_0)
FNDA:1,(anonymous_1)
FNDA:13,(anonymous_2)
FNDA:1,(anonymous_3)
FNDA:2,(anonymous_4)
FNDA:2,(anonymous_5)
FNDA:6,(anonymous_6)
FNDA:1,(anonymous_7)
FNDA:1,(anonymous_8)
FNDA:1,(anonymous_9)
FNDA:1,(anonymous_10)
FNDA:1,(anonymous_11)
DA:3,1
DA:4,1
DA:6,1
DA:7,15
DA:10,1
DA:12,1
DA:20,1
DA:21,1
DA:23,1
DA:27,13
DA:29,13
DA:31,13
DA:32,1
DA:35,12
DA:36,1
DA:39,11
DA:43,1
DA:44,1
DA:48,2
DA:50,2
DA:52,2
DA:57,2
DA:58,1
DA:61,1
DA:62,1
DA:66,2
DA:68,2
DA:70,2
DA:72,2
DA:73,1
DA:76,1
DA:80,6
DA:82,6
DA:84,6
DA:88,1
DA:89,1
DA:93,1
DA:94,1
DA:98,1
DA:99,1
DA:103,1
DA:104,1
DA:108,1
DA:109,1
LF:44
LH:44
BRDA:31,0,0,1
BRDA:35,1,0,1
BRDA:57,2,0,1
BRDA:72,3,0,1
BRF:4
BRH:4
end_of_record
TN:
SF:src/application/UserService.ts
FN:8,(anonymous_1)
FN:10,(anonymous_2)
FN:36,(anonymous_3)
FN:69,(anonymous_4)
FN:75,(anonymous_5)
FNF:5
FNH:5
FNDA:6,(anonymous_1)
FNDA:23,(anonymous_2)
FNDA:13,(anonymous_3)
FNDA:4,(anonymous_4)
FNDA:3,(anonymous_5)
DA:3,6
DA:4,6
DA:5,6
DA:7,6
DA:8,6
DA:11,23
DA:14,23
DA:15,23
DA:16,2
DA:20,21
DA:23,21
DA:30,21
DA:31,19
DA:33,19
DA:37,13
DA:40,13
DA:41,13
DA:42,3
DA:46,10
DA:47,10
DA:48,1
DA:52,9
DA:58,9
DA:60,9
DA:70,4
DA:72,4
DA:75,4
DA:82,4
DA:83,4
LF:29
LH:29
BRDA:15,0,0,2
BRDA:41,1,0,3
BRDA:47,2,0,1
BRDA:54,3,0,9
BRDA:54,3,1,0
BRF:5
BRH:4
end_of_record
TN:
SF:src/infrastructure/database/models/UserModel.ts
FNF:0
FNH:0
DA:1,6
DA:10,6
DA:26,6
LF:3
LH:3
BRF:0
BRH:0
end_of_record
TN:
SF:src/infrastructure/logging/logger.ts
FNF:0
FNH:0
DA:1,6
DA:3,6
DA:17,6
DA:18,6
LF:4
LH:4
BRDA:17,0,0,6
BRF:1
BRH:1
end_of_record
TN:
SF:src/infrastructure/repositories/MongoUserRepository.ts
FN:6,(anonymous_0)
FN:19,(anonymous_1)
FN:35,(anonymous_2)
FN:51,(anonymous_3)
FN:54,(anonymous_4)
FNF:5
FNH:4
FNDA:21,(anonymous_0)
FNDA:36,(anonymous_1)
FNDA:0,(anonymous_2)
FNDA:4,(anonymous_3)
FNDA:3,(anonymous_4)
DA:3,6
DA:5,6
DA:7,21
DA:8,21
DA:10,19
DA:20,36
DA:22,36
DA:23,24
DA:26,12
DA:36,0
DA:38,0
DA:39,0
DA:42,0
DA:52,4
DA:54,4
LF:15
LH:11
BRDA:22,0,0,24
BRDA:38,1,0,0
BRF:2
BRH:1
end_of_record
TN:
SF:src/presentation/controllers/UserController.ts
FN:12,(anonymous_0)
FN:36,(anonymous_1)
FN:57,(anonymous_2)
FNF:3
FNH:3
FNDA:27,(anonymous_0)
FNDA:16,(anonymous_1)
FNDA:4,(anonymous_2)
DA:2,6
DA:3,6
DA:4,6
DA:5,6
DA:8,6
DA:9,6
DA:11,6
DA:13,27
DA:15,27
DA:16,27
DA:17,4
DA:18,4
DA:21,23
DA:23,19
DA:31,4
DA:32,4
DA:37,16
DA:39,16
DA:40,16
DA:41,3
DA:42,3
DA:45,13
DA:47,9
DA:52,4
DA:53,4
DA:58,4
DA:59,4
DA:61,4
DA:67,0
DA:68,0
LF:30
LH:28
BRDA:16,0,0,4
BRDA:40,1,0,3
BRF:2
BRH:2
end_of_record
TN:
SF:src/presentation/middleware/authMiddleware.ts
FN:12,(anonymous_1)
FNF:1
FNH:1
FNDA:9,(anonymous_1)
DA:2,6
DA:3,6
DA:12,6
DA:13,9
DA:14,9
DA:16,9
DA:17,3
DA:18,3
DA:21,6
DA:22,6
DA:27,4
DA:28,4
DA:30,2
DA:31,2
LF:14
LH:14
BRDA:14,0,0,9
BRDA:14,0,1,7
BRDA:16,1,0,3
BRDA:22,2,0,6
BRDA:22,2,1,0
BRF:5
BRH:4
end_of_record
TN:
SF:src/presentation/routes/userRoutes.ts
FN:8,(anonymous_0)
FN:9,(anonymous_1)
FN:10,(anonymous_2)
FNF:3
FNH:3
FNDA:27,(anonymous_0)
FNDA:16,(anonymous_1)
FNDA:4,(anonymous_2)
DA:1,6
DA:2,6
DA:3,6
DA:5,6
DA:6,6
DA:8,27
DA:9,16
DA:10,6
DA:12,6
LF:9
LH:9
BRF:0
BRH:0
end_of_record
TN:
SF:src/presentation/validation/userValidation.ts
FNF:0
FNH:0
DA:1,6
DA:3,6
DA:8,6
LF:3
LH:3
BRF:0
BRH:0
end_of_record
